2025-07-14 19:01:10 [ERROR]: (node:1472) [MONGODB DRIVER] Warning: useNewUrlParser is a deprecated option: useNewUrlParser has no effect since Node.js Driver version 4.0.0 and will be removed in the next major version
(Use `node --trace-warnings ...` to show where the warning was created) 
2025-07-14 19:01:10 [ERROR]: (node:1472) [MONGODB DRIVER] Warning: useUnifiedTopology is a deprecated option: useUnifiedTopology has no effect since Node.js Driver version 4.0.0 and will be removed in the next major version 
2025-07-14 19:01:10 [INFO]: El servidor está escuchando en el puerto 4500 
2025-07-14 19:01:11 [INFO]: Base de datos conectada 
2025-07-14 19:01:11 [INFO]: ✅ Mongoose conectado a MongoDB en: 31.97.42.126 
2025-07-14 19:01:11 [INFO]: 🚀 MongoDB conectado correctamente 
2025-07-14 19:01:11 [INFO]: Conexión establecida con la base de datos 
2025-07-14 19:01:15 [INFO]: Base de Datos sincronizadas 
2025-07-14 19:01:27 [ERROR]: (node:16584) [MONGODB DRIVER] Warning: useNewUrlParser is a deprecated option: useNewUrlParser has no effect since Node.js Driver version 4.0.0 and will be removed in the next major version
(Use `node --trace-warnings ...` to show where the warning was created) 
2025-07-14 19:01:27 [ERROR]: (node:16584) [MONGODB DRIVER] Warning: useUnifiedTopology is a deprecated option: useUnifiedTopology has no effect since Node.js Driver version 4.0.0 and will be removed in the next major version 
2025-07-14 19:01:27 [INFO]: El servidor está escuchando en el puerto 4500 
2025-07-14 19:01:27 [INFO]: Base de datos conectada 
2025-07-14 19:01:27 [INFO]: ✅ Mongoose conectado a MongoDB en: 31.97.42.126 
2025-07-14 19:01:27 [INFO]: 🚀 MongoDB conectado correctamente 
2025-07-14 19:01:28 [INFO]: Conexión establecida con la base de datos 
2025-07-14 19:01:31 [INFO]: Base de Datos sincronizadas 
2025-07-14 19:09:00 [ERROR]: (node:5320) [MONGODB DRIVER] Warning: useNewUrlParser is a deprecated option: useNewUrlParser has no effect since Node.js Driver version 4.0.0 and will be removed in the next major version
(Use `node --trace-warnings ...` to show where the warning was created)
2025-07-14 19:09:00 [ERROR]: (node:5320) [MONGODB DRIVER] Warning: useUnifiedTopology is a deprecated option: useUnifiedTopology has no effect since Node.js Driver version 4.0.0 and will be removed in the next major version
2025-07-14 19:09:00 [INFO]: El servidor está escuchando en el puerto 4500
2025-07-14 19:09:01 [INFO]: Base de datos conectada
2025-07-14 19:09:01 [INFO]: ✅ Mongoose conectado a MongoDB en: 31.97.42.126
2025-07-14 19:09:01 [INFO]: 🚀 MongoDB conectado correctamente
2025-07-14 19:09:01 [INFO]: Conexión establecida con la base de datos
2025-07-14 19:09:05 [INFO]: Base de Datos sincronizadas
2025-10-02 22:23:36 [ERROR]: (node:93698) [MONGODB DRIVER] Warning: useNewUrlParser is a deprecated option: useNewUrlParser has no effect since Node.js Driver version 4.0.0 and will be removed in the next major version
(Use `node --trace-warnings ...` to show where the warning was created)
2025-10-02 22:23:36 [ERROR]: (node:93698) [MONGODB DRIVER] Warning: useUnifiedTopology is a deprecated option: useUnifiedTopology has no effect since Node.js Driver version 4.0.0 and will be removed in the next major version
2025-10-02 22:23:36 [INFO]: El servidor está escuchando en el puerto 4500
2025-10-02 22:23:36 [INFO]: Base de datos conectada
2025-10-02 22:23:36 [INFO]: Conexión establecida con la base de datos
2025-10-02 22:23:36 [INFO]: Base de Datos sincronizadas
2025-10-02 22:24:06 [INFO]: ⚠️  Mongoose desconectado de MongoDB
2025-10-02 22:46:44 [ERROR]: (node:98947) [MONGODB DRIVER] Warning: useNewUrlParser is a deprecated option: useNewUrlParser has no effect since Node.js Driver version 4.0.0 and will be removed in the next major version
(Use `node --trace-warnings ...` to show where the warning was created)
2025-10-02 22:46:44 [ERROR]: (node:98947) [MONGODB DRIVER] Warning: useUnifiedTopology is a deprecated option: useUnifiedTopology has no effect since Node.js Driver version 4.0.0 and will be removed in the next major version
2025-10-02 22:46:44 [INFO]: El servidor está escuchando en el puerto 4500
2025-10-02 22:46:44 [INFO]: Base de datos conectada
2025-10-02 22:46:44 [INFO]: ✅ Mongoose conectado a MongoDB en: localhost
2025-10-02 22:46:44 [INFO]: 🚀 MongoDB conectado correctamente
2025-10-02 22:46:44 [INFO]: Conexión establecida con la base de datos
2025-10-02 22:46:45 [INFO]: Base de Datos sincronizadas
2025-10-02 22:51:00 [INFO]: El servidor está escuchando en el puerto 4500
2025-10-02 22:51:01 [INFO]: ✅ Mongoose conectado a MongoDB en: localhost
2025-10-02 22:51:01 [INFO]: 🚀 MongoDB conectado correctamente
2025-10-02 22:51:01 [INFO]: Base de datos conectada
2025-10-02 22:51:01 [INFO]: Conexión establecida con la base de datos
2025-10-02 22:51:01 [INFO]: Base de Datos sincronizadas
2025-10-05 22:52:35 [INFO]: El servidor está escuchando en el puerto 3000
2025-10-05 22:52:35 [ERROR]: La conexión a la base de datos fue rechazada
2025-10-05 22:52:35 [ERROR]: No se pudo conectar a la base de datos: connect ECONNREFUSED 127.0.0.1:3306
2025-10-05 22:52:35 [ERROR]: Error al sincronizar la Base de Datos: SequelizeConnectionRefusedError: connect ECONNREFUSED 127.0.0.1:3306
2025-10-05 22:52:49 [INFO]: El servidor está escuchando en el puerto 3000
2025-10-05 22:52:49 [ERROR]: La conexión a la base de datos fue rechazada
2025-10-05 22:52:49 [ERROR]: No se pudo conectar a la base de datos: connect ECONNREFUSED 127.0.0.1:3306
2025-10-05 22:52:49 [ERROR]: Error al sincronizar la Base de Datos: SequelizeConnectionRefusedError: connect ECONNREFUSED 127.0.0.1:3306
2025-10-05 22:53:19 [INFO]: ⚠️  Mongoose desconectado de MongoDB
2025-10-05 22:54:05 [INFO]: El servidor está escuchando en el puerto 3000
2025-10-05 22:54:05 [ERROR]: La conexión a la base de datos fue rechazada
2025-10-05 22:54:05 [ERROR]: No se pudo conectar a la base de datos: connect ECONNREFUSED 127.0.0.1:3306
2025-10-05 22:54:05 [ERROR]: Error al sincronizar la Base de Datos: SequelizeConnectionRefusedError: connect ECONNREFUSED 127.0.0.1:3306
2025-10-05 22:54:14 [INFO]: El servidor está escuchando en el puerto 3000
2025-10-05 22:54:14 [ERROR]: La conexión a la base de datos fue rechazada
2025-10-05 22:54:14 [ERROR]: No se pudo conectar a la base de datos: connect ECONNREFUSED 127.0.0.1:3306
2025-10-05 22:54:14 [ERROR]: Error al sincronizar la Base de Datos: SequelizeConnectionRefusedError: connect ECONNREFUSED 127.0.0.1:3306
2025-10-05 22:54:15 [ERROR]: ValidationError: The 'X-Forwarded-For' header is set but the Express 'trust proxy' setting is false (default). This could indicate a misconfiguration which would prevent express-rate-limit from accurately identifying users. See https://express-rate-limit.github.io/ERR_ERL_UNEXPECTED_X_FORWARDED_FOR/ for more information.
2025-10-05 22:54:15 [INFO]: [0mGET /test/public [32m200[0m 5.918 ms - 170[0m
2025-10-05 22:54:22 [INFO]: [0mGET /test/server-info [32m200[0m 1.237 ms - 888[0m
2025-10-05 22:54:23 [INFO]: El servidor está escuchando en el puerto 3000
2025-10-05 22:54:23 [ERROR]: La conexión a la base de datos fue rechazada
2025-10-05 22:54:23 [ERROR]: No se pudo conectar a la base de datos: connect ECONNREFUSED 127.0.0.1:3306
2025-10-05 22:54:23 [ERROR]: Error al sincronizar la Base de Datos: SequelizeConnectionRefusedError: connect ECONNREFUSED 127.0.0.1:3306
2025-10-05 22:54:29 [ERROR]: ValidationError: The 'X-Forwarded-For' header is set but the Express 'trust proxy' setting is false (default). This could indicate a misconfiguration which would prevent express-rate-limit from accurately identifying users. See https://express-rate-limit.github.io/ERR_ERL_UNEXPECTED_X_FORWARDED_FOR/ for more information.
2025-10-05 22:54:29 [ERROR]: Error: invalid csrf token
Stack: ForbiddenError: invalid csrf token
    at csrf (/vercel/sandbox/node_modules/.pnpm/csurf@1.11.0/node_modules/csurf/index.js:112:19)
    at Layer.handle [as handle_request] (/vercel/sandbox/node_modules/.pnpm/express@4.21.2/node_modules/express/lib/router/layer.js:95:5)
    at trim_prefix (/vercel/sandbox/node_modules/.pnpm/express@4.21.2/node_modules/express/lib/router/index.js:328:13)
    at /vercel/sandbox/node_modules/.pnpm/express@4.21.2/node_modules/express/lib/router/index.js:286:9
    at Function.process_params (/vercel/sandbox/node_modules/.pnpm/express@4.21.2/node_modules/express/lib/router/index.js:346:12)
    at next (/vercel/sandbox/node_modules/.pnpm/express@4.21.2/node_modules/express/lib/router/index.js:280:10)
    at /vercel/sandbox/node_modules/.pnpm/connect-flash@0.1.1/node_modules/connect-flash/lib/flash.js:21:5
    at Layer.handle [as handle_request] (/vercel/sandbox/node_modules/.pnpm/express@4.21.2/node_modules/express/lib/router/layer.js:95:5)
    at trim_prefix (/vercel/sandbox/node_modules/.pnpm/express@4.21.2/node_modules/express/lib/router/index.js:328:13)
    at /vercel/sandbox/node_modules/.pnpm/express@4.21.2/node_modules/express/lib/router/index.js:286:9
2025-10-05 22:54:29 [INFO]: [0mPOST /test/encryption [31m500[0m 11.710 ms - 1408[0m
2025-10-05 22:54:29 [ERROR]: TypeError: res.apiError is not a function
    at /vercel/sandbox/src/app.js:288:20
    at Layer.handle_error (/vercel/sandbox/node_modules/.pnpm/express@4.21.2/node_modules/express/lib/router/layer.js:71:5)
    at trim_prefix (/vercel/sandbox/node_modules/.pnpm/express@4.21.2/node_modules/express/lib/router/index.js:326:13)
    at /vercel/sandbox/node_modules/.pnpm/express@4.21.2/node_modules/express/lib/router/index.js:286:9
    at Function.process_params (/vercel/sandbox/node_modules/.pnpm/express@4.21.2/node_modules/express/lib/router/index.js:346:12)
    at next (/vercel/sandbox/node_modules/.pnpm/express@4.21.2/node_modules/express/lib/router/index.js:280:10)
    at Layer.handle_error (/vercel/sandbox/node_modules/.pnpm/express@4.21.2/node_modules/express/lib/router/layer.js:67:12)
    at trim_prefix (/vercel/sandbox/node_modules/.pnpm/express@4.21.2/node_modules/express/lib/router/index.js:326:13)
    at /vercel/sandbox/node_modules/.pnpm/express@4.21.2/node_modules/express/lib/router/index.js:286:9
    at Function.process_params (/vercel/sandbox/node_modules/.pnpm/express@4.21.2/node_modules/express/lib/router/index.js:346:12)
2025-10-05 22:54:38 [INFO]: El servidor está escuchando en el puerto 3000
2025-10-05 22:54:38 [ERROR]: La conexión a la base de datos fue rechazada
2025-10-05 22:54:38 [ERROR]: No se pudo conectar a la base de datos: connect ECONNREFUSED 127.0.0.1:3306
2025-10-05 22:54:38 [ERROR]: Error al sincronizar la Base de Datos: SequelizeConnectionRefusedError: connect ECONNREFUSED 127.0.0.1:3306
2025-10-05 22:54:50 [INFO]: El servidor está escuchando en el puerto 3000
2025-10-05 22:54:50 [ERROR]: La conexión a la base de datos fue rechazada
2025-10-05 22:54:50 [ERROR]: No se pudo conectar a la base de datos: connect ECONNREFUSED 127.0.0.1:3306
2025-10-05 22:54:50 [ERROR]: Error al sincronizar la Base de Datos: SequelizeConnectionRefusedError: connect ECONNREFUSED 127.0.0.1:3306
2025-10-05 22:55:20 [INFO]: ⚠️  Mongoose desconectado de MongoDB
